<?xml version="1.0" encoding="UTF-8"?>
<testng-results skipped="0" failed="0" ignored="0" total="1" passed="1">
  <reporter-output>
  </reporter-output>
  <suite name="com.maven.test.MaventTest" duration-ms="4123" started-at="2020-08-01T11:32:50 UTC" finished-at="2020-08-01T11:32:54 UTC">
    <groups>
    </groups>
    <test name="Command line test" duration-ms="4123" started-at="2020-08-01T11:32:50 UTC" finished-at="2020-08-01T11:32:54 UTC">
      <class name="com.maven.test.MaventTest">
        <test-method status="PASS" signature="firstTest()[pri:0, instance:com.maven.test.MaventTest@4883b407]" name="firstTest" duration-ms="3237" started-at="2020-08-01T11:32:50 UTC" finished-at="2020-08-01T11:32:53 UTC">
          <reporter-output>
          </reporter-output>
        </test-method> <!-- firstTest -->
        <test-method status="PASS" signature="closeBrowser()[pri:0, instance:com.maven.test.MaventTest@4883b407]" name="closeBrowser" is-config="true" duration-ms="855" started-at="2020-08-01T11:32:53 UTC" finished-at="2020-08-01T11:32:54 UTC">
          <reporter-output>
          </reporter-output>
        </test-method> <!-- closeBrowser -->
      </class> <!-- com.maven.test.MaventTest -->
    </test> <!-- Command line test -->
  </suite> <!-- com.maven.test.MaventTest -->
</testng-results>
