<?xml version="1.0" encoding="UTF-8"?>
<testng-results skipped="0" failed="0" ignored="0" total="1" passed="1">
  <reporter-output>
  </reporter-output>
  <suite name="Suite" duration-ms="52" started-at="2020-07-26T15:07:08 UTC" finished-at="2020-07-26T15:07:08 UTC">
    <groups>
    </groups>
    <test name="Test" duration-ms="52" started-at="2020-07-26T15:07:08 UTC" finished-at="2020-07-26T15:07:08 UTC">
      <class name="com.maven.test.MaventTest">
        <test-method status="PASS" signature="firstTest()[pri:0, instance:com.maven.test.MaventTest@35d176f7]" name="firstTest" duration-ms="11" started-at="2020-07-26T15:07:08 UTC" finished-at="2020-07-26T15:07:08 UTC">
          <reporter-output>
          </reporter-output>
        </test-method> <!-- firstTest -->
      </class> <!-- com.maven.test.MaventTest -->
    </test> <!-- Test -->
  </suite> <!-- Suite -->
</testng-results>
